<?xml version="1.0" encoding="UTF-8"?>
<!-- Generated by org.testng.reporters.JUnitReportReporter -->
<testsuite hostname="DESKTOP-1FJC9IP" failures="0" tests="2" name="com.bridgelabz.CrossBrowserScript" time="214.875" errors="0" timestamp="2022-09-30T16:20:14 IST" skipped="0">
  <testcase classname="com.bridgelabz.CrossBrowserScript" name="browserSetup" time="160.412"/>
  <system-out/>
  <testcase classname="com.bridgelabz.CrossBrowserScript" name="browserSetup" time="54.463"/>
  <system-out/>
</testsuite> <!-- com.bridgelabz.CrossBrowserScript -->
